<?xml version="1.0" encoding="UTF-8"?>
<!-- Generated by org.testng.reporters.JUnitReportReporter -->
<testsuite skipped="0" hostname="ip-172-31-18-198" name="Testcases.LoginTest" tests="2" failures="0" timestamp="20 Jun 2023 11:46:07 GMT" time="9.207" errors="0">
  <testcase name="InvalidLogin" time="4.749" classname="Testcases.LoginTest"/>
  <testcase name="ValidLogin" time="4.458" classname="Testcases.LoginTest"/>
</testsuite> <!-- Testcases.LoginTest -->
