<?xml version="1.0" encoding="UTF-8"?>
<!-- Generated by org.testng.reporters.JUnitReportReporter -->
<testsuite skipped="0" hostname="ip-172-31-18-198" name="Testcases.LoginTest" tests="2" failures="0" timestamp="20 Jun 2023 11:52:42 GMT" time="9.067" errors="0">
  <testcase name="InvalidLogin" time="4.631" classname="Testcases.LoginTest"/>
  <testcase name="ValidLogin" time="4.436" classname="Testcases.LoginTest"/>
</testsuite> <!-- Testcases.LoginTest -->
